2024-04-27 08:50:11 - ----------------------------- prompt: write_with_dep -------------------------------
2024-04-27 08:50:11 - title:
2024-04-27 08:50:11 - 岳阳县水系连通及农村水系综合整治工程建设项目环境影响报告书
2024-04-27 08:50:11 - heading:
2024-04-27 08:50:11 - 项目由来
2024-04-27 08:50:11 - retrieved_knowledge:
2024-04-27 08:50:11 - 
问：岳阳县位于哪里？
答：岳阳县位于湖南省北部、东洞庭湖东岸。

问：岳阳县的河流情况如何？
答：岳阳县河流密布，水系发达，共有主要河流14条，大部分流入新墙河。

问：新墙河在岳阳县的地位如何？
答：新墙河是岳阳县的母亲河，哺育人口众多，对岳阳县的政治、经济、文化具有重要影响。

问：麻塘片区在岳阳县中扮演什么角色？
答：麻塘片区是岳阳县的北大门，地理位置优越，水资源丰富，对岳阳县的形象具有重要意义。

问：麻塘片区和新墙河目前存在哪些问题？
答：麻塘片区存在水系连通性差、水体黑臭、生态环境差的问题。新墙河存在河道淤积严重、垃圾成堆、滨岸带植被破坏严重、部分地区岸坡严重坍塌、部分地区道路不畅的问题。

问：岳阳县水系连通及农村水系综合整治工程的措施有哪些？
答：整治措施包括水系连通、河道清障、清淤疏浚、岸坡整治、水源涵养与水土保持、河湖管护。

问：整治工程的范围是怎样的？
答：整治范围以岳阳市南湖新区为起点，麻塘片区为纽带，连接岳阳县城区，向上辐射新墙镇、新开镇、公田镇至铁山水库风景区。

问：麻塘片区水系连通工程的目的是什么？
答：目的是通过水系连通、水资源调配及渠道清淤提高水体自净能力，改善水质。

问：整治工程的目标是什么？
答：目标是改善农村河道生态环境，创造良好的水环境，推进城乡一体化。

问：为什么本项目需要编制环境影响报告书？
答：根据《中华人民共和国环境影响评价法》和《建设项目环境保护管理条例》，本项目属于涉及环境敏感区的河湖整治，需编制环境影响报告书。

问：工程内容主要包括哪些？
答：工程内容包括麻塘片区水系连通工程，改扩建水源工程、连通沟渠、整治湖泊；新墙河综合整治，清除杂草、清理河道垃圾、清淤疏浚、护岸工程、滨岸带整治、生态恢复、防汛路面改造、堤防险工险段治理、湖塘清淤加固等。

2024-04-27 08:50:26 - None
