(DocDoc) root@nystfwq:~/AI4E/lzd/DocDoc# python main_test.py 
Loading checkpoint shards: 100%|██████████████████████████████████████████████████████████████████████████████████████████████████████████████████████████████████████████████████████████████████| 7/7 [00:07<00:00,  1.06s/it]

你是一个目录生成专家，擅长于生成逻辑清晰，条理清楚的目录。
现在我需要写一份《长沙市湘江大桥绿色工地建设总结报告》，请你根据标题和我提供的信息，生成文章的详细目录。

信息：
工地名称：长沙市湘江大桥扩建改造工程 
位置：湖南省长沙市，跨越湘江连接河东与河西区域 
施工单位：湖南路桥建设集团有限责任公司 
工程负责人：李四 设计
单位：中国交通建设股份有限公司设计研究院 
监理单位：湖南华信工程咨询监理有限公司 
施工周期：2021年5月1日至2023年12月31日

注意：
你只能以JSON格式生成响应，就像下面这样（headline 表示标题，level表示标题等级，从1开始）
响应格式：
{
  "content" : [
        {"headline": "第一章", "level" : 1},
        {"headline": "1.1 回国", "level" : 2},
        {"headline": "第二章", "level" : 1}
              ]
}
请确保你的响应能被 Python json.loads 正确解析

审核完成, 总共历经0轮审核
优化后的目录：
 {
"content" : [
    {"headline": "概述", "level": 1},
    {"headline": "1.项目由来", "level": 2},
    {"headline": "2.环境影响评价的工作过程", "level": 2},
    {"headline": "3.分析判定相关环保政策", "level": 2},
    {"headline": "4.关注的主要环境问题", "level": 2},
    {"headline": "第1章总则", "level": 1},
    {"headline": "1.1 编制依据", "level": 2},
    {"headline": "1.2 评价目的及工作原则", "level": 2},
    {"headline": "1.3 评价标准", "level": 2},
    {"headline": "1.4 环境影响因素识别和评价因子筛选", "level": 2},
    {"headline": "1.5 评价工作等级及评价范围", "level": 2},
    {"headline": "1.6 环境敏感目标", "level": 2},
    {"headline": "1.7 评价重点", "level": 2},
    {"headline": "第2章项目概况及工程分析", "level": 1},
    {"headline": "2.1 项目区概况及存在的问题", "level": 2},
    {"headline": "2.2 项目基本情况", "level": 2},
    {"headline": "2.3 工程设计", "level": 2},
    {"headline": "2.4 工程施工", "level": 2},
    {"headline": "2.5 工程占地处理及移民安置", "level": 2},
    {"headline": "2.6 土石方平衡", "level": 2},
    {"headline": "2.7 工程方案合理性分析", "level": 2},
    {"headline": "2.8 工程分析", "level": 2},
    {"headline": "第3章环境现状调查与评价", "level": 1},
    {"headline": "3.1 自然环境概况", "level": 2},
    {"headline": "3.2 项目区生态保护区调查", "level": 2},
    {"headline": "3.3 环境质量现状调查与评价", "level": 2},
    {"headline": "3.4 防洪排涝现状", "level": 2},
    {"headline": "3.5 区域水资源开发利用现状", "level": 2},
    {"headline": "3.6 区域污染源调查", "level": 2},
    {"headline": "第4章环境影响预测与评价", "level": 1},
    {"headline": "4.1 大气环境影响分析", "level": 2},
    {"headline": "4.2 地表水环境影响分析", "level": 2},
    {"headline": "4.3 声环境影响预测与评价", "level": 2},
    {"headline": "4.4 地下水环境影响分析", "level": 2},
    {"headline": "4.5 固体废物对环境的影响分析", "level": 2},
    {"headline": "4.6 生态环境影响分析", "level": 2},
    {"headline": "4.7 水土流失影响分析", "level": 2},
    {"headline": "4.8 环境风险评价", "level": 2},
    {"headline": "第5章环境保护措施", "level": 1},
    {"headline": "5.1 大气环境保护措施", "level": 2},
    {"headline": "5.2 水环境保护措施", "level": 2},
    {"headline": "5.3 声环境保护措施", "level": 2},
    {"headline": "5.4 固体废物污染防治措施", "level": 2},
    {"headline": "5.5 生态保护措施", "level": 2},
    {"headline": "5.6 水土保持措施", "level": 2},
    {"headline": "5.7 人群健康保护措施", "level": 2},
    {"headline": "5.8 环保措施及投资估算", "level": 2},
    {"headline": "第6章环境影响经济损益分析", "level": 1},
    {"headline": "6.1 环保投资估算", "level": 2},
    {"headline": "6.2 环境影响经济损益分析", "level": 2},
    {"headline": "6.3 小结", "level": 2},
    {"headline": "第7章环境管理与环境监测计划", "level": 1},
    {"headline": "7.1 环境管理", "level": 2},
    {"headline": "7.2 环境监测", "level": 2},
    {"headline": "7.3 环境监理", "level": 2},
    {"headline": "7.4 环境保护竣工验收", "level": 2},
    {"headline": "第 8 章 结论与建议", "level": 1},
    {"headline": "8.1 项目概况", "level": 2},
    {"headline": "8.2 环境质量现状评价结论", "level": 2},
    {"headline": "8.3 环境影响评价结论", "level": 2},
    {"headline": "8.4 主要环保措施", "level": 2},
    {"headline": "8.5 环境影响经济损益分析", "level": 2},
    {"headline": "8.6 环评总结论", "level": 2},
    {"headline": "8.7 建议", "level": 2}
]
}
概述, level: 1
1.项目由来, level: 2
2.环境影响评价的工作过程, level: 2
3.分析判定相关环保政策, level: 2
4.关注的主要环境问题, level: 2
第1章总则, level: 1
1.1 编制依据, level: 2
1.2 评价目的及工作原则, level: 2
1.3 评价标准, level: 2
1.4 环境影响因素识别和评价因子筛选, level: 2
1.5 评价工作等级及评价范围, level: 2
1.6 环境敏感目标, level: 2
1.7 评价重点, level: 2
第2章项目概况及工程分析, level: 1
2.1 项目区概况及存在的问题, level: 2
2.2 项目基本情况, level: 2
2.3 工程设计, level: 2
2.4 工程施工, level: 2
2.5 工程占地处理及移民安置, level: 2
2.6 土石方平衡, level: 2
2.7 工程方案合理性分析, level: 2
2.8 工程分析, level: 2
第3章环境现状调查与评价, level: 1
3.1 自然环境概况, level: 2
3.2 项目区生态保护区调查, level: 2
3.3 环境质量现状调查与评价, level: 2
3.4 防洪排涝现状, level: 2
3.5 区域水资源开发利用现状, level: 2
3.6 区域污染源调查, level: 2
第4章环境影响预测与评价, level: 1
4.1 大气环境影响分析, level: 2
4.2 地表水环境影响分析, level: 2
4.3 声环境影响预测与评价, level: 2
4.4 地下水环境影响分析, level: 2
4.5 固体废物对环境的影响分析, level: 2
4.6 生态环境影响分析, level: 2
4.7 水土流失影响分析, level: 2
4.8 环境风险评价, level: 2
第5章环境保护措施, level: 1
5.1 大气环境保护措施, level: 2
5.2 水环境保护措施, level: 2
5.3 声环境保护措施, level: 2
5.4 固体废物污染防治措施, level: 2
5.5 生态保护措施, level: 2
5.6 水土保持措施, level: 2
5.7 人群健康保护措施, level: 2
5.8 环保措施及投资估算, level: 2
第6章环境影响经济损益分析, level: 1
6.1 环保投资估算, level: 2
6.2 环境影响经济损益分析, level: 2
6.3 小结, level: 2
第7章环境管理与环境监测计划, level: 1
7.1 环境管理, level: 2
7.2 环境监测, level: 2
7.3 环境监理, level: 2
7.4 环境保护竣工验收, level: 2
第 8 章 结论与建议, level: 1
8.1 项目概况, level: 2
8.2 环境质量现状评价结论, level: 2
8.3 环境影响评价结论, level: 2
8.4 主要环保措施, level: 2
8.5 环境影响经济损益分析, level: 2
8.6 环评总结论, level: 2
8.7 建议, level: 2
**************************************************写作专家-提示词**************************************************

你是一名环境报告段落写作指导专家，负责给写作专家分配写作任务。你会根据完整目录和相关信息，列出当前要写作的headline的`段落写作指导`，分配给写作专家填充正文的内容。
写作专家：一次只能写作一段，字数在 0~600 字。

现在我需要写一份《长沙市湘江大桥绿色工地建设总结报告》，并且已经给出目录。

目录：
{
"content" : [
    {"headline": "概述", "level": 1},
    {"headline": "1.项目由来", "level": 2},
    {"headline": "2.环境影响评价的工作过程", "level": 2},
    {"headline": "3.分析判定相关环保政策", "level": 2},
    {"headline": "4.关注的主要环境问题", "level": 2},
    {"headline": "第1章总则", "level": 1},
    {"headline": "1.1 编制依据", "level": 2},
    {"headline": "1.2 评价目的及工作原则", "level": 2},
    {"headline": "1.3 评价标准", "level": 2},
    {"headline": "1.4 环境影响因素识别和评价因子筛选", "level": 2},
    {"headline": "1.5 评价工作等级及评价范围", "level": 2},
    {"headline": "1.6 环境敏感目标", "level": 2},
    {"headline": "1.7 评价重点", "level": 2},
    {"headline": "第2章项目概况及工程分析", "level": 1},
    {"headline": "2.1 项目区概况及存在的问题", "level": 2},
    {"headline": "2.2 项目基本情况", "level": 2},
    {"headline": "2.3 工程设计", "level": 2},
    {"headline": "2.4 工程施工", "level": 2},
    {"headline": "2.5 工程占地处理及移民安置", "level": 2},
    {"headline": "2.6 土石方平衡", "level": 2},
    {"headline": "2.7 工程方案合理性分析", "level": 2},
    {"headline": "2.8 工程分析", "level": 2},
    {"headline": "第3章环境现状调查与评价", "level": 1},
    {"headline": "3.1 自然环境概况", "level": 2},
    {"headline": "3.2 项目区生态保护区调查", "level": 2},
    {"headline": "3.3 环境质量现状调查与评价", "level": 2},
    {"headline": "3.4 防洪排涝现状", "level": 2},
    {"headline": "3.5 区域水资源开发利用现状", "level": 2},
    {"headline": "3.6 区域污染源调查", "level": 2},
    {"headline": "第4章环境影响预测与评价", "level": 1},
    {"headline": "4.1 大气环境影响分析", "level": 2},
    {"headline": "4.2 地表水环境影响分析", "level": 2},
    {"headline": "4.3 声环境影响预测与评价", "level": 2},
    {"headline": "4.4 地下水环境影响分析", "level": 2},
    {"headline": "4.5 固体废物对环境的影响分析", "level": 2},
    {"headline": "4.6 生态环境影响分析", "level": 2},
    {"headline": "4.7 水土流失影响分析", "level": 2},
    {"headline": "4.8 环境风险评价", "level": 2},
    {"headline": "第5章环境保护措施", "level": 1},
    {"headline": "5.1 大气环境保护措施", "level": 2},
    {"headline": "5.2 水环境保护措施", "level": 2},
    {"headline": "5.3 声环境保护措施", "level": 2},
    {"headline": "5.4 固体废物污染防治措施", "level": 2},
    {"headline": "5.5 生态保护措施", "level": 2},
    {"headline": "5.6 水土保持措施", "level": 2},
    {"headline": "5.7 人群健康保护措施", "level": 2},
    {"headline": "5.8 环保措施及投资估算", "level": 2},
    {"headline": "第6章环境影响经济损益分析", "level": 1},
    {"headline": "6.1 环保投资估算", "level": 2},
    {"headline": "6.2 环境影响经济损益分析", "level": 2},
    {"headline": "6.3 小结", "level": 2},
    {"headline": "第7章环境管理与环境监测计划", "level": 1},
    {"headline": "7.1 环境管理", "level": 2},
    {"headline": "7.2 环境监测", "level": 2},
    {"headline": "7.3 环境监理", "level": 2},
    {"headline": "7.4 环境保护竣工验收", "level": 2},
    {"headline": "第 8 章 结论与建议", "level": 1},
    {"headline": "8.1 项目概况", "level": 2},
    {"headline": "8.2 环境质量现状评价结论", "level": 2},
    {"headline": "8.3 环境影响评价结论", "level": 2},
    {"headline": "8.4 主要环保措施", "level": 2},
    {"headline": "8.5 环境影响经济损益分析", "level": 2},
    {"headline": "8.6 环评总结论", "level": 2},
    {"headline": "8.7 建议", "level": 2}
]
}

请你思考：
1. 待填充区域：`概述` 和 `1.项目由来` 之间的正文，就下所示：
    `概述`
    【待填填充区域的正文】
    `1.项目由来`
    （注意，带填充区域的正文不包括 `1.项目由来`）
2. 需要多少个段落来填充待填充区域的正文？（如果你认为待填充区域不需要正文填充，那么段落数量可以为0）
3. 每一段需要写什么内容？写多少字？（如果要写的段落越长，则需要给出越详细的段落写作指导）
--------------------------CONSTRAINTS-------------------------------
注意：
你只能以JSON格式生成响应，就像下面这样：
响应格式：
{   
    "area_to_be_filled" : "你的回答"
    "thinking_process": "写在你每一步的思考过程",
    "para_counts" : "你认为需要写的段落的数量"
    "para_guide_list" : [
        {"para_guide" : "段落1的思路指导和字数"},
        {"para_guide" : "段落2的思路指导和字数"},
        {"para_guide" : "段落3的思路指导和字数"}
    ] 
}
请在 "area_to_be_filled" 中回答：需要填充哪个标题到哪个标题之间的正文？（例如："area_to_be_filled" : "从`2.2 原理分析`到`2.3 方法研究`之间的正文，不包括`2.3 方法研究`"）
请在 "thinking_process" 中写下你每一步的思考过程，这样会有助于写作专家理解你的思路,更好地填充正文。
请确保你的响应能被 Python json.loads 正确解析

**************************************************写作专家的响应-str格式**************************************************
{
    "area_to_be_filled" : "待填充区域的正文内容",
    "thinking_process" : "在写作专家填充正文之前，我需要先对项目有一个整体的了解。根据目录，待填充区域的标题是'概述'，内容是对项目的基本情况和背景的介绍。考虑到概述需要概括整个项目，我建议可以分为三部分来填充：项目概述、项目背景和项目目的。具体字数根据内容来定，但是建议控制在300-600字之间。",
    "para_counts" : 3,
    "para_guide_list" : [
        {"para_guide" : "段落1的思路指导和字数"},
        {"para_guide" : "段落2的思路指导和字数"},
        {"para_guide" : "段落3的思路指导和字数"}
    ]
}
**************************************************`概述`-第1段-写作专家的提示词-str格式**************************************************

你是一名环境报告写作专家，和其他环境报告写作专家一起服务于环境报告写作团队，并且你们有一个统一的领导。

规则：
1. 请你根据你的领导给的要求来撰写一段内容。
2. 你撰写的内容有`0~600字`的字数限制

领导的要求:
'''
我们正在写《长沙市湘江大桥绿色工地建设总结报告》的 `概述` 到 `1.项目由来` 之间的正文部分，请你按照我的要求撰写下第1段

要求：段落1的思路指导和字数

我们已经撰写了的上下文：

'''

注意：
    请你直接返回你书写的内容，不要返回类似于“领导你好，这是我书写的内容”等无关内容

**************************************************`概述`-第1段的内容-str格式**************************************************
段落1的思路指导和字数：

本段主要介绍长沙市湘江大桥绿色工地建设的背景和意义，包括项目发起原因、政策依据和现实需求等方面。内容应简洁明了，避免过多细节，字数控制在150字以内。
**************************************************`概述`-第1段的内容-str格式-格式化后**************************************************
整理后的文本：
长沙市湘江大桥绿色工地建设的背景和意义主要体现在以下几个方面：首先，项目发起源于国家对绿色建筑和绿色工地的政策要求，符合我国可持续发展的战略目标；其次，绿色工地建设有利于提高工程质量和施工效率，减少环境污染和资源浪费，符合我国环保和节能政策；最后，绿色工地建设符合社会公众对文明施工和安全生产的需求，有利于提高社会形象和信誉。因此，长沙市湘江大桥绿色工地建设具有重要的现实意义。
**************************************************`概述`-第2段-写作专家的提示词-str格式**************************************************

你是一名环境报告写作专家，和其他环境报告写作专家一起服务于环境报告写作团队，并且你们有一个统一的领导。

规则：
1. 请你根据你的领导给的要求来撰写一段内容。
2. 你撰写的内容有`0~600字`的字数限制

领导的要求:
'''
我们正在写《长沙市湘江大桥绿色工地建设总结报告》的 `概述` 到 `1.项目由来` 之间的正文部分，请你按照我的要求撰写下第2段

要求：段落2的思路指导和字数

我们已经撰写了的上下文：
整理后的文本：
长沙市湘江大桥绿色工地建设的背景和意义主要体现在以下几个方面：首先，项目发起源于国家对绿色建筑和绿色工地的政策要求，符合我国可持续发展的战略目标；其次，绿色工地建设有利于提高工程质量和施工效率，减少环境污染和资源浪费，符合我国环保和节能政策；最后，绿色工地建设符合社会公众对文明施工和安全生产的需求，有利于提高社会形象和信誉。因此，长沙市湘江大桥绿色工地建设具有重要的现实意义。
'''

注意：
    请你直接返回你书写的内容，不要返回类似于“领导你好，这是我书写的内容”等无关内容

**************************************************`概述`-第2段的内容-str格式**************************************************
长沙市湘江大桥绿色工地建设的背景和意义主要体现在以下几个方面：首先，项目发起源于我国对绿色建筑和绿色工地的政策要求，符合我国可持续发展的战略目标。在当前全球气候变化和环境问题日益严重的背景下，我国政府高度重视绿色发展和生态文明建设，将绿色建筑和绿色工地建设作为推动可持续发展的重要举措。长沙市湘江大桥绿色工地建设正是积极响应国家政策，为我国绿色建筑和绿色工地建设提供了一个有益的实践案例。

其次，绿色工地建设有利于提高工程质量和施工效率，减少环境污染和资源浪费，符合我国环保和节能政策。绿色工地建设要求在施工过程中实现节能减排、资源循环利用、废弃物减量化处理等目标，从而提高工程质量和施工效率，降低环境污染和资源浪费。这对于实现我国环保和节能政策具有重要的现实意义。

最后，绿色工地建设符合社会公众对文明施工和安全生产的需求，有利于提高社会形象和信誉。绿色工地建设强调文明施工和安全生产，通过采取一系列措施，如施工现场管理规范化、施工设备现代化、施工人员培训教育等，提高施工质量和施工安全水平，从而满足社会公众对文明施工和安全生产的需求。此外，绿色工地建设也有利于提高企业的社会形象和信誉，为企业赢得更多的市场机会和发展空间。

综上所述，长沙市湘江大桥绿色工地建设具有重要的现实意义。我们相信，在未来的城市建设中，绿色工地建设将发挥越来越重要的作用，为我国绿色发展和生态文明建设做出更大的贡献。
**************************************************`概述`-第2段的内容-str格式-格式化后**************************************************
软件工程是一门综合性学科，它利用计算机科学、数学和管理学的原理来设计、开发、测试和维护软件，旨在创造出既可靠又高效的高质量软件产品，满足用户需求。在软件开发生命周期中，软件工程师通过需求分析与客户沟通，明确软件功能需求，并制定详细的需求规格说明。随后的设计阶段，工程师们构建软件架构，规划组件结构，并编制相应的设计文档。编码阶段则是将这些设计转化为实际代码，使用编程语言和工具实现软件功能。测试阶段通过单元测试、集成测试和系统测试等方法，确保软件按预期运行，发现并修复错误和缺陷。软件开发完成后，维护阶段将持续进行，工程师们根据变化的需求和新技术对软件进行更新和改进。此外，软件工程还采用版本控制、代码复用和敏捷开发等最佳实践，以提升开发效率和产品质量。综上所述，软件工程结合了技术和管理技能，确保软件不仅在技术上实现预期功能，而且在管理和维护上也能满足长期需求，提供持续的价值。
**************************************************`概述`-第3段-写作专家的提示词-str格式**************************************************

你是一名环境报告写作专家，和其他环境报告写作专家一起服务于环境报告写作团队，并且你们有一个统一的领导。

规则：
1. 请你根据你的领导给的要求来撰写一段内容。
2. 你撰写的内容有`0~600字`的字数限制

领导的要求:
'''
我们正在写《长沙市湘江大桥绿色工地建设总结报告》的 `概述` 到 `1.项目由来` 之间的正文部分，请你按照我的要求撰写下第3段

要求：段落3的思路指导和字数

我们已经撰写了的上下文：
整理后的文本：
长沙市湘江大桥绿色工地建设的背景和意义主要体现在以下几个方面：首先，项目发起源于国家对绿色建筑和绿色工地的政策要求，符合我国可持续发展的战略目标；其次，绿色工地建设有利于提高工程质量和施工效率，减少环境污染和资源浪费，符合我国环保和节能政策；最后，绿色工地建设符合社会公众对文明施工和安全生产的需求，有利于提高社会形象和信誉。因此，长沙市湘江大桥绿色工地建设具有重要的现实意义。软件工程是一门综合性学科，它利用计算机科学、数学和管理学的原理来设计、开发、测试和维护软件，旨在创造出既可靠又高效的高质量软件产品，满足用户需求。在软件开发生命周期中，软件工程师通过需求分析与客户沟通，明确软件功能需求，并制定详细的需求规格说明。随后的设计阶段，工程师们构建软件架构，规划组件结构，并编制相应的设计文档。编码阶段则是将这些设计转化为实际代码，使用编程语言和工具实现软件功能。测试阶段通过单元测试、集成测试和系统测试等方法，确保软件按预期运行，发现并修复错误和缺陷。软件开发完成后，维护阶段将持续进行，工程师们根据变化的需求和新技术对软件进行更新和改进。此外，软件工程还采用版本控制、代码复用和敏捷开发等最佳实践，以提升开发效率和产品质量。综上所述，软件工程结合了技术和管理技能，确保软件不仅在技术上实现预期功能，而且在管理和维护上也能满足长期需求，提供持续的价值。
'''

注意：
    请你直接返回你书写的内容，不要返回类似于“领导你好，这是我书写的内容”等无关内容

**************************************************`概述`-第3段的内容-str格式**************************************************
长沙市湘江大桥绿色工地建设的现实意义主要体现在以下几个方面：首先，该项目响应了国家对绿色建筑和绿色工地的政策要求，与我国可持续发展的战略目标紧密契合。其次，绿色工地建设在提高工程质量和施工效率的同时，也有效减少了环境污染和资源浪费，符合我国环保和节能政策。最后，绿色工地建设满足了社会公众对文明施工和安全生产的需求，有利于提高社会形象和信誉。因此，长沙市湘江大桥绿色工地建设具有重要的现实意义。

长沙市湘江大桥绿色工地建设在实践过程中，遵循了一系列科学合理的施工方法和管理策略。首先，在项目规划阶段，建设单位充分考虑了环保、节能、安全等因素，制定了绿色施工方案。其次，在施工过程中，严格遵循环保、节能和安全施工标准，确保施工现场整洁有序，减少对周边环境的影响。最后，项目结束后，对施工现场进行了清理和恢复，确保绿色施工成果得到有效延续。

长沙市湘江大桥绿色工地建设取得的成功经验，为我国其他工程项目提供了有益借鉴。首先，绿色工地建设应注重政策法规的贯彻执行，确保项目符合国家可持续发展和环保政策要求。其次，应将绿色施工理念贯穿于项目规划、设计、施工和维护的全过程，实现绿色施工与经济效益的有机统一。最后，应加强绿色施工技术和管理创新，提高绿色施工水平，推动我国绿色建筑和绿色工地建设的发展。

总之，长沙市湘江大桥绿色工地建设的成功经验，为我国绿色建筑和绿色工地建设提供了有益的借鉴和启示。未来，我们应继续努力，探索和实践绿色施工方法和管理策略，推动我国绿色建筑和绿色工地建设迈向更高水平。
**************************************************`概述`-第3段的内容-str格式-格式化后**************************************************
软件工程是一门综合性学科，它利用计算机科学、数学和管理学的原理来设计、开发、测试和维护软件，旨在创造出既可靠又高效的高质量软件产品，满足用户需求。在软件开发生命周期中，软件工程师通过需求分析与客户沟通，明确软件功能需求，并制定详细的需求规格说明。随后的设计阶段，工程师们构建软件架构，规划组件结构，并编制相应的设计文档。编码阶段则是将这些设计转化为实际代码，使用编程语言和工具实现软件功能。测试阶段通过单元测试、集成测试和系统测试等方法，确保软件按预期运行，发现并修复错误和缺陷。软件开发完成后，维护阶段将持续进行，工程师们根据变化的需求和新技术对软件进行更新和改进。此外，软件工程还采用版本控制、代码复用和敏捷开发等最佳实践，以提升开发效率和产品质量。综上所述，软件工程结合了技术和管理技能，确保软件不仅在技术上实现预期功能，而且在管理和维护上也能满足长期需求，提供持续的价值。
**************************************************`概述`的内容-str格式-格式化后**************************************************
整理后的文本：
长沙市湘江大桥绿色工地建设的背景和意义主要体现在以下几个方面：首先，项目发起源于国家对绿色建筑和绿色工地的政策要求，符合我国可持续发展的战略目标；其次，绿色工地建设有利于提高工程质量和施工效率，减少环境污染和资源浪费，符合我国环保和节能政策；最后，绿色工地建设符合社会公众对文明施工和安全生产的需求，有利于提高社会形象和信誉。因此，长沙市湘江大桥绿色工地建设具有重要的现实意义。软件工程是一门综合性学科，它利用计算机科学、数学和管理学的原理来设计、开发、测试和维护软件，旨在创造出既可靠又高效的高质量软件产品，满足用户需求。在软件开发生命周期中，软件工程师通过需求分析与客户沟通，明确软件功能需求，并制定详细的需求规格说明。随后的设计阶段，工程师们构建软件架构，规划组件结构，并编制相应的设计文档。编码阶段则是将这些设计转化为实际代码，使用编程语言和工具实现软件功能。测试阶段通过单元测试、集成测试和系统测试等方法，确保软件按预期运行，发现并修复错误和缺陷。软件开发完成后，维护阶段将持续进行，工程师们根据变化的需求和新技术对软件进行更新和改进。此外，软件工程还采用版本控制、代码复用和敏捷开发等最佳实践，以提升开发效率和产品质量。综上所述，软件工程结合了技术和管理技能，确保软件不仅在技术上实现预期功能，而且在管理和维护上也能满足长期需求，提供持续的价值。软件工程是一门综合性学科，它利用计算机科学、数学和管理学的原理来设计、开发、测试和维护软件，旨在创造出既可靠又高效的高质量软件产品，满足用户需求。在软件开发生命周期中，软件工程师通过需求分析与客户沟通，明确软件功能需求，并制定详细的需求规格说明。随后的设计阶段，工程师们构建软件架构，规划组件结构，并编制相应的设计文档。编码阶段则是将这些设计转化为实际代码，使用编程语言和工具实现软件功能。测试阶段通过单元测试、集成测试和系统测试等方法，确保软件按预期运行，发现并修复错误和缺陷。软件开发完成后，维护阶段将持续进行，工程师们根据变化的需求和新技术对软件进行更新和改进。此外，软件工程还采用版本控制、代码复用和敏捷开发等最佳实践，以提升开发效率和产品质量。综上所述，软件工程结合了技术和管理技能，确保软件不仅在技术上实现预期功能，而且在管理和维护上也能满足长期需求，提供持续的价值。