(DocDoc) root@nystfwq:~/AI4E/lzd/DocDoc# python main.py
Loading checkpoint shards: 100%|██████████████████████████████████████████████████████████████████████████████████████████████████████████████████████████████████████████████████████████████████| 7/7 [00:07<00:00,  1.06s/it]

你是一个目录生成专家，擅长于生成逻辑清晰，条理清楚的目录。
现在我需要写一份《长沙市湘江大桥绿色工地建设总结报告》，请你根据标题和我提供的信息，生成文章的详细目录。

信息：
工地名称：长沙市湘江大桥扩建改造工程 
位置：湖南省长沙市，跨越湘江连接河东与河西区域 
施工单位：湖南路桥建设集团有限责任公司 
工程负责人：李四 设计
单位：中国交通建设股份有限公司设计研究院 
监理单位：湖南华信工程咨询监理有限公司 
施工周期：2021年5月1日至2023年12月31日

注意：
你只能以JSON格式生成响应，就像下面这样（headline 表示标题，level表示标题等级，从1开始）
响应格式：
{
  "content" : [
        {"headline": "第一章", "level" : 1},
        {"headline": "1.1 回国", "level" : 2},
        {"headline": "第二章", "level" : 1}
              ]
}
请确保你的响应能被 Python json.loads 正确解析

审核完成, 总共历经0轮审核
优化后的目录：
 {
"content" : [
    {"headline": "概述", "level": 1},
    {"headline": "1.项目由来", "level": 2},
    {"headline": "2.环境影响评价的工作过程", "level": 2},
    {"headline": "3.分析判定相关环保政策", "level": 2},
    {"headline": "4.关注的主要环境问题", "level": 2},
    {"headline": "第1章总则", "level": 1},
    {"headline": "1.1 编制依据", "level": 2},
    {"headline": "1.2 评价目的及工作原则", "level": 2},
    {"headline": "1.3 评价标准", "level": 2},
    {"headline": "1.4 环境影响因素识别和评价因子筛选", "level": 2},
    {"headline": "1.5 评价工作等级及评价范围", "level": 2},
    {"headline": "1.6 环境敏感目标", "level": 2},
    {"headline": "1.7 评价重点", "level": 2},
    {"headline": "第2章项目概况及工程分析", "level": 1},
    {"headline": "2.1 项目区概况及存在的问题", "level": 2},
    {"headline": "2.2 项目基本情况", "level": 2},
    {"headline": "2.3 工程设计", "level": 2},
    {"headline": "2.4 工程施工", "level": 2},
    {"headline": "2.5 工程占地处理及移民安置", "level": 2},
    {"headline": "2.6 土石方平衡", "level": 2},
    {"headline": "2.7 工程方案合理性分析", "level": 2},
    {"headline": "2.8 工程分析", "level": 2},
    {"headline": "第3章环境现状调查与评价", "level": 1},
    {"headline": "3.1 自然环境概况", "level": 2},
    {"headline": "3.2 项目区生态保护区调查", "level": 2},
    {"headline": "3.3 环境质量现状调查与评价", "level": 2},
    {"headline": "3.4 防洪排涝现状", "level": 2},
    {"headline": "3.5 区域水资源开发利用现状", "level": 2},
    {"headline": "3.6 区域污染源调查", "level": 2},
    {"headline": "第4章环境影响预测与评价", "level": 1},
    {"headline": "4.1 大气环境影响分析", "level": 2},
    {"headline": "4.2 地表水环境影响分析", "level": 2},
    {"headline": "4.3 声环境影响预测与评价", "level": 2},
    {"headline": "4.4 地下水环境影响分析", "level": 2},
    {"headline": "4.5 固体废物对环境的影响分析", "level": 2},
    {"headline": "4.6 生态环境影响分析", "level": 2},
    {"headline": "4.7 水土流失影响分析", "level": 2},
    {"headline": "4.8 环境风险评价", "level": 2},
    {"headline": "第5章环境保护措施", "level": 1},
    {"headline": "5.1 大气环境保护措施", "level": 2},
    {"headline": "5.2 水环境保护措施", "level": 2},
    {"headline": "5.3 声环境保护措施", "level": 2},
    {"headline": "5.4 固体废物污染防治措施", "level": 2},
    {"headline": "5.5 生态保护措施", "level": 2},
    {"headline": "5.6 水土保持措施", "level": 2},
    {"headline": "5.7 人群健康保护措施", "level": 2},
    {"headline": "5.8 环保措施及投资估算", "level": 2},
    {"headline": "第6章环境影响经济损益分析", "level": 1},
    {"headline": "6.1 环保投资估算", "level": 2},
    {"headline": "6.2 环境影响经济损益分析", "level": 2},
    {"headline": "6.3 小结", "level": 2},
    {"headline": "第7章环境管理与环境监测计划", "level": 1},
    {"headline": "7.1 环境管理", "level": 2},
    {"headline": "7.2 环境监测", "level": 2},
    {"headline": "7.3 环境监理", "level": 2},
    {"headline": "7.4 环境保护竣工验收", "level": 2},
    {"headline": "第 8 章 结论与建议", "level": 1},
    {"headline": "8.1 项目概况", "level": 2},
    {"headline": "8.2 环境质量现状评价结论", "level": 2},
    {"headline": "8.3 环境影响评价结论", "level": 2},
    {"headline": "8.4 主要环保措施", "level": 2},
    {"headline": "8.5 环境影响经济损益分析", "level": 2},
    {"headline": "8.6 环评总结论", "level": 2},
    {"headline": "8.7 建议", "level": 2}
]
}
概述, level: 1
1.项目由来, level: 2
2.环境影响评价的工作过程, level: 2
3.分析判定相关环保政策, level: 2
4.关注的主要环境问题, level: 2
第1章总则, level: 1
1.1 编制依据, level: 2
1.2 评价目的及工作原则, level: 2
1.3 评价标准, level: 2
1.4 环境影响因素识别和评价因子筛选, level: 2
1.5 评价工作等级及评价范围, level: 2
1.6 环境敏感目标, level: 2
1.7 评价重点, level: 2
第2章项目概况及工程分析, level: 1
2.1 项目区概况及存在的问题, level: 2
2.2 项目基本情况, level: 2
2.3 工程设计, level: 2
2.4 工程施工, level: 2
2.5 工程占地处理及移民安置, level: 2
2.6 土石方平衡, level: 2
2.7 工程方案合理性分析, level: 2
2.8 工程分析, level: 2
第3章环境现状调查与评价, level: 1
3.1 自然环境概况, level: 2
3.2 项目区生态保护区调查, level: 2
3.3 环境质量现状调查与评价, level: 2
3.4 防洪排涝现状, level: 2
3.5 区域水资源开发利用现状, level: 2
3.6 区域污染源调查, level: 2
第4章环境影响预测与评价, level: 1
4.1 大气环境影响分析, level: 2
4.2 地表水环境影响分析, level: 2
4.3 声环境影响预测与评价, level: 2
4.4 地下水环境影响分析, level: 2
4.5 固体废物对环境的影响分析, level: 2
4.6 生态环境影响分析, level: 2
4.7 水土流失影响分析, level: 2
4.8 环境风险评价, level: 2
第5章环境保护措施, level: 1
5.1 大气环境保护措施, level: 2
5.2 水环境保护措施, level: 2
5.3 声环境保护措施, level: 2
5.4 固体废物污染防治措施, level: 2
5.5 生态保护措施, level: 2
5.6 水土保持措施, level: 2
5.7 人群健康保护措施, level: 2
5.8 环保措施及投资估算, level: 2
第6章环境影响经济损益分析, level: 1
6.1 环保投资估算, level: 2
6.2 环境影响经济损益分析, level: 2
6.3 小结, level: 2
第7章环境管理与环境监测计划, level: 1
7.1 环境管理, level: 2
7.2 环境监测, level: 2
7.3 环境监理, level: 2
7.4 环境保护竣工验收, level: 2
第 8 章 结论与建议, level: 1
8.1 项目概况, level: 2
8.2 环境质量现状评价结论, level: 2
8.3 环境影响评价结论, level: 2
8.4 主要环保措施, level: 2
8.5 环境影响经济损益分析, level: 2
8.6 环评总结论, level: 2
8.7 建议, level: 2
**************************************************写作专家-提示词**************************************************

你是一名环境报告段落写作指导专家，负责给写作专家分配写作任务。你会根据完整目录和相关信息，列出当前要写作的headline的`段落写作指导`，分配给写作专家填充正文的内容。
写作专家：一次只能写作一段，字数在 0~600 字。

现在我需要写一份《长沙市湘江大桥绿色工地建设总结报告》，并且已经给出目录。

目录：
{
"content" : [
    {"headline": "概述", "level": 1},
    {"headline": "1.项目由来", "level": 2},
    {"headline": "2.环境影响评价的工作过程", "level": 2},
    {"headline": "3.分析判定相关环保政策", "level": 2},
    {"headline": "4.关注的主要环境问题", "level": 2},
    {"headline": "第1章总则", "level": 1},
    {"headline": "1.1 编制依据", "level": 2},
    {"headline": "1.2 评价目的及工作原则", "level": 2},
    {"headline": "1.3 评价标准", "level": 2},
    {"headline": "1.4 环境影响因素识别和评价因子筛选", "level": 2},
    {"headline": "1.5 评价工作等级及评价范围", "level": 2},
    {"headline": "1.6 环境敏感目标", "level": 2},
    {"headline": "1.7 评价重点", "level": 2},
    {"headline": "第2章项目概况及工程分析", "level": 1},
    {"headline": "2.1 项目区概况及存在的问题", "level": 2},
    {"headline": "2.2 项目基本情况", "level": 2},
    {"headline": "2.3 工程设计", "level": 2},
    {"headline": "2.4 工程施工", "level": 2},
    {"headline": "2.5 工程占地处理及移民安置", "level": 2},
    {"headline": "2.6 土石方平衡", "level": 2},
    {"headline": "2.7 工程方案合理性分析", "level": 2},
    {"headline": "2.8 工程分析", "level": 2},
    {"headline": "第3章环境现状调查与评价", "level": 1},
    {"headline": "3.1 自然环境概况", "level": 2},
    {"headline": "3.2 项目区生态保护区调查", "level": 2},
    {"headline": "3.3 环境质量现状调查与评价", "level": 2},
    {"headline": "3.4 防洪排涝现状", "level": 2},
    {"headline": "3.5 区域水资源开发利用现状", "level": 2},
    {"headline": "3.6 区域污染源调查", "level": 2},
    {"headline": "第4章环境影响预测与评价", "level": 1},
    {"headline": "4.1 大气环境影响分析", "level": 2},
    {"headline": "4.2 地表水环境影响分析", "level": 2},
    {"headline": "4.3 声环境影响预测与评价", "level": 2},
    {"headline": "4.4 地下水环境影响分析", "level": 2},
    {"headline": "4.5 固体废物对环境的影响分析", "level": 2},
    {"headline": "4.6 生态环境影响分析", "level": 2},
    {"headline": "4.7 水土流失影响分析", "level": 2},
    {"headline": "4.8 环境风险评价", "level": 2},
    {"headline": "第5章环境保护措施", "level": 1},
    {"headline": "5.1 大气环境保护措施", "level": 2},
    {"headline": "5.2 水环境保护措施", "level": 2},
    {"headline": "5.3 声环境保护措施", "level": 2},
    {"headline": "5.4 固体废物污染防治措施", "level": 2},
    {"headline": "5.5 生态保护措施", "level": 2},
    {"headline": "5.6 水土保持措施", "level": 2},
    {"headline": "5.7 人群健康保护措施", "level": 2},
    {"headline": "5.8 环保措施及投资估算", "level": 2},
    {"headline": "第6章环境影响经济损益分析", "level": 1},
    {"headline": "6.1 环保投资估算", "level": 2},
    {"headline": "6.2 环境影响经济损益分析", "level": 2},
    {"headline": "6.3 小结", "level": 2},
    {"headline": "第7章环境管理与环境监测计划", "level": 1},
    {"headline": "7.1 环境管理", "level": 2},
    {"headline": "7.2 环境监测", "level": 2},
    {"headline": "7.3 环境监理", "level": 2},
    {"headline": "7.4 环境保护竣工验收", "level": 2},
    {"headline": "第 8 章 结论与建议", "level": 1},
    {"headline": "8.1 项目概况", "level": 2},
    {"headline": "8.2 环境质量现状评价结论", "level": 2},
    {"headline": "8.3 环境影响评价结论", "level": 2},
    {"headline": "8.4 主要环保措施", "level": 2},
    {"headline": "8.5 环境影响经济损益分析", "level": 2},
    {"headline": "8.6 环评总结论", "level": 2},
    {"headline": "8.7 建议", "level": 2}
]
}

请你思考：
1. 待填充区域：`概述` 和 `1.项目由来` 之间的正文，就下所示：
    `概述`
    【待填填充区域的正文】
    `1.项目由来`
    （注意，带填充区域的正文不包括 `1.项目由来`）
2. 需要多少个段落来填充待填充区域的正文？（如果你认为待填充区域不需要正文填充，那么段落数量可以为0）
3. 每一段需要写什么内容？写多少字？（如果要写的段落越长，则需要给出越详细的段落写作指导）
--------------------------CONSTRAINTS-------------------------------
注意：
你只能以JSON格式生成响应，就像下面这样：
响应格式：
{   
    "area_to_be_filled" : "你的回答"
    "thinking_process": "写在你每一步的思考过程",
    "para_counts" : "你认为需要写的段落的数量"
    "para_guide_list" : [
        {"para_guide" : "段落1的思路指导和字数"},
        {"para_guide" : "段落2的思路指导和字数"},
        {"para_guide" : "段落3的思路指导和字数"}
    ] 
}
请在 "area_to_be_filled" 中回答：需要填充哪个标题到哪个标题之间的正文？（例如："area_to_be_filled" : "从`2.2 原理分析`到`2.3 方法研究`之间的正文，不包括`2.3 方法研究`"）
请在 "thinking_process" 中写下你每一步的思考过程，这样会有助于写作专家理解你的思路,更好地填充正文。
请确保你的响应能被 Python json.loads 正确解析

**************************************************写作专家的响应-str格式**************************************************
{
    "area_to_be_filled": "从`1.项目由来`到`1.2 评价目的及工作原则`之间的正文，不包括`1.2 评价目的及工作原则`",
    "thinking_process": "在概述章节中，主要介绍了项目的基本情况和目的，以及评价的目的和工作原则。在`1.项目由来`中，详细介绍了项目产生的背景、意义和价值。在接下来的章节中，将详细分析项目对环境的影响，并提出相应的环保措施。",
    "para_counts": 0,
    "para_guide_list": [
        {"para_guide": "首先，简要介绍项目产生的背景和意义，以及评价的目的和工作原则。字数在200-300字左右。"},
        {"para_guide": "其次，详细阐述项目对环境的影响，包括项目对环境的影响因素、环境影响评价的工作过程、环境敏感目标、评价重点等。字数在400-500字左右。"},
        {"para_guide": "最后，总结全文，强调项目对环境保护的重要性，以及提出相应的环保措施。字数在200-300字左右。"}
    ]
}
**************************************************`概述`-第1段-写作专家的提示词-str格式**************************************************

你是一名环境报告写作专家，和其他环境报告写作专家一起服务于环境报告写作团队，并且你们有一个统一的领导。

规则：
1. 你只能写一个段落
2. 你写的段落有0字~600字的字数限制
3. 你的领导会给你们每一个人分发一个段落的写作思路，你们领取到写作思路后各自写各自的段落。
4. 你只能听命于你的领导。



领导的消息:
'''
我们正在写《长沙市湘江大桥绿色工地建设总结报告》的 `概述` 到 `1.项目由来` 之间的正文部分，请你按照我的要求撰写下第1段

要求：首先，简要介绍项目产生的背景和意义，以及评价的目的和工作原则。字数在200-300字左右。

我们已经撰写了的上下文：



注意：
    请你直接返回你书写的段落的内容，我会将你的段落内容拼装到上下文中
'''

**************************************************`概述`-第1段的内容-str格式**************************************************
尊敬的领导：

根据您的要求，我已撰写完成《长沙市湘江大桥绿色工地建设总结报告》第一段，请查阅。

项目产生的背景和意义：
长沙市湘江大桥绿色工地建设是我国绿色建筑发展的一个重要里程碑。该项目旨在贯彻绿色发展理念，推动建筑行业向绿色、环保、节能的方向发展。通过实施绿色施工技术，实现资源的高效利用、环境的可持续发展以及建筑产品的品质提升。

评价的目的和工作原则：
评价的目的是全面了解和总结绿色工地建设的成效，找出存在的问题，为今后的绿色施工提供借鉴和参考。评价工作遵循客观、公正、科学的原则，对项目实施过程中的绿色施工技术、资源利用、环境保护、节能减排等方面进行全面、系统的评估。

请您查阅，如有需要修改，请随时告知。

敬祝工作顺利！
**************************************************`概述`-第2段-写作专家的提示词-str格式**************************************************

你是一名环境报告写作专家，和其他环境报告写作专家一起服务于环境报告写作团队，并且你们有一个统一的领导。

规则：
1. 你只能写一个段落
2. 你写的段落有0字~600字的字数限制
3. 你的领导会给你们每一个人分发一个段落的写作思路，你们领取到写作思路后各自写各自的段落。
4. 你只能听命于你的领导。



领导的消息:
'''
我们正在写《长沙市湘江大桥绿色工地建设总结报告》的 `概述` 到 `1.项目由来` 之间的正文部分，请你按照我的要求撰写下第2段

要求：其次，详细阐述项目对环境的影响，包括项目对环境的影响因素、环境影响评价的工作过程、环境敏感目标、评价重点等。字数在400-500字左右。

我们已经撰写了的上下文：
尊敬的领导：

根据您的要求，我已撰写完成《长沙市湘江大桥绿色工地建设总结报告》第一段，请查阅。

项目产生的背景和意义：
长沙市湘江大桥绿色工地建设是我国绿色建筑发展的一个重要里程碑。该项目旨在贯彻绿色发展理念，推动建筑行业向绿色、环保、节能的方向发展。通过实施绿色施工技术，实现资源的高效利用、环境的可持续发展以及建筑产品的品质提升。

评价的目的和工作原则：
评价的目的是全面了解和总结绿色工地建设的成效，找出存在的问题，为今后的绿色施工提供借鉴和参考。评价工作遵循客观、公正、科学的原则，对项目实施过程中的绿色施工技术、资源利用、环境保护、节能减排等方面进行全面、系统的评估。

请您查阅，如有需要修改，请随时告知。

敬祝工作顺利！


注意：
    请你直接返回你书写的段落的内容，我会将你的段落内容拼装到上下文中
'''

**************************************************`概述`-第2段的内容-str格式**************************************************
尊敬的领导：

我已经根据您的要求，撰写了《长沙市湘江大桥绿色工地建设总结报告》第二段。以下是段落内容：

第二段：项目对环境的影响

长沙市湘江大桥绿色工地建设对环境的影响可以从多个方面来阐述。首先，项目对环境的影响因素主要包括项目的规模、施工过程、项目对周边环境的影响等。其次，环境影响评价的工作过程包括项目前期调查、环境影响评价、环境监测、环境评估等。在这个过程中，需要对项目的环境敏感目标进行识别，如生态敏感区、水源保护区等，并针对这些目标制定相应的保护措施。最后，评价的重点是项目实施过程中的绿色施工技术、资源利用、环境保护、节能减排等方面。

在项目实施过程中，我们采用了一系列绿色施工技术，如绿色材料的应用、废弃物的再利用、节能减排技术等，以降低项目对环境的影响。同时，我们严格遵守国家环保法律法规，确保项目实施过程中的环境保护工作得到有效落实。

在环境敏感目标的保护方面，我们针对项目周边的生态敏感区、水源保护区等制定了相应的保护措施，如限制施工活动、设置警示标志、加强巡查等。此外，我们还对项目实施过程中的环境监测数据进行了实时监控，确保各项环保措施得到有效执行。

通过长沙市湘江大桥绿色工地建设，我们取得了良好的环保效果，实现了资源的高效利用、环境的可持续发展以及建筑产品的品质提升。我们将继续秉承绿色发展理念，推动建筑行业向绿色、环保、节能的方向发展。

请您查阅，如有需要修改，请随时告知。

敬祝工作顺利！
**************************************************`概述`-第3段-写作专家的提示词-str格式**************************************************

你是一名环境报告写作专家，和其他环境报告写作专家一起服务于环境报告写作团队，并且你们有一个统一的领导。

规则：
1. 你只能写一个段落
2. 你写的段落有0字~600字的字数限制
3. 你的领导会给你们每一个人分发一个段落的写作思路，你们领取到写作思路后各自写各自的段落。
4. 你只能听命于你的领导。



领导的消息:
'''
我们正在写《长沙市湘江大桥绿色工地建设总结报告》的 `概述` 到 `1.项目由来` 之间的正文部分，请你按照我的要求撰写下第3段

要求：最后，总结全文，强调项目对环境保护的重要性，以及提出相应的环保措施。字数在200-300字左右。

我们已经撰写了的上下文：
尊敬的领导：

根据您的要求，我已撰写完成《长沙市湘江大桥绿色工地建设总结报告》第一段，请查阅。

项目产生的背景和意义：
长沙市湘江大桥绿色工地建设是我国绿色建筑发展的一个重要里程碑。该项目旨在贯彻绿色发展理念，推动建筑行业向绿色、环保、节能的方向发展。通过实施绿色施工技术，实现资源的高效利用、环境的可持续发展以及建筑产品的品质提升。

评价的目的和工作原则：
评价的目的是全面了解和总结绿色工地建设的成效，找出存在的问题，为今后的绿色施工提供借鉴和参考。评价工作遵循客观、公正、科学的原则，对项目实施过程中的绿色施工技术、资源利用、环境保护、节能减排等方面进行全面、系统的评估。

请您查阅，如有需要修改，请随时告知。

敬祝工作顺利！尊敬的领导：

我已经根据您的要求，撰写了《长沙市湘江大桥绿色工地建设总结报告》第二段。以下是段落内容：

第二段：项目对环境的影响

长沙市湘江大桥绿色工地建设对环境的影响可以从多个方面来阐述。首先，项目对环境的影响因素主要包括项目的规模、施工过程、项目对周边环境的影响等。其次，环境影响评价的工作过程包括项目前期调查、环境影响评价、环境监测、环境评估等。在这个过程中，需要对项目的环境敏感目标进行识别，如生态敏感区、水源保护区等，并针对这些目标制定相应的保护措施。最后，评价的重点是项目实施过程中的绿色施工技术、资源利用、环境保护、节能减排等方面。

在项目实施过程中，我们采用了一系列绿色施工技术，如绿色材料的应用、废弃物的再利用、节能减排技术等，以降低项目对环境的影响。同时，我们严格遵守国家环保法律法规，确保项目实施过程中的环境保护工作得到有效落实。

在环境敏感目标的保护方面，我们针对项目周边的生态敏感区、水源保护区等制定了相应的保护措施，如限制施工活动、设置警示标志、加强巡查等。此外，我们还对项目实施过程中的环境监测数据进行了实时监控，确保各项环保措施得到有效执行。

通过长沙市湘江大桥绿色工地建设，我们取得了良好的环保效果，实现了资源的高效利用、环境的可持续发展以及建筑产品的品质提升。我们将继续秉承绿色发展理念，推动建筑行业向绿色、环保、节能的方向发展。

请您查阅，如有需要修改，请随时告知。

敬祝工作顺利！


注意：
    请你直接返回你书写的段落的内容，我会将你的段落内容拼装到上下文中
'''

**************************************************`概述`-第3段的内容-str格式**************************************************
尊敬的领导：

我已经根据您的要求，撰写了《长沙市湘江大桥绿色工地建设总结报告》第三段。以下是段落内容：

第三段：总结与环保措施

长沙市湘江大桥绿色工地建设对环境保护的重要性不言而喻。项目实施过程中，我们采用了绿色施工技术，有效降低了项目对环境的影响。同时，我们严格遵守国家环保法律法规，确保项目实施过程中的环境保护工作得到有效落实。

在环境敏感目标的保护方面，我们针对项目周边的生态敏感区、水源保护区等制定了相应的保护措施，如限制施工活动、设置警示标志、加强巡查等。此外，我们还对项目实施过程中的环境监测数据进行了实时监控，确保各项环保措施得到有效执行。

为了更好地实现环境保护，我们提出了以下建议：

1. 加强绿色施工技术研发，推广绿色材料的应用，提高资源利用效率。
2. 加大环保设施投入，实现废弃物的再利用，降低污染物排放。
3. 提高员工环保意识，加强环保教育培训，确保项目实施过程中的环保工作得到有效落实。
4. 建立环保绩效考核制度，对项目实施过程中的环保工作进行全面评估，对环保表现优秀的单位和个人给予表彰和奖励。

通过长沙市湘江大桥绿色工地建设，我们取得了良好的环保效果，实现了资源的高效利用、环境的可持续发展以及建筑产品的品质提升。我们将继续秉承绿色发展理念，推动建筑行业向绿色、环保、节能的方向发展。

请您查阅，如有需要修改，请随时告知。

敬祝工作顺利！
**************************************************`概述`的内容-str格式**************************************************
尊敬的领导：

根据您的要求，我已撰写完成《长沙市湘江大桥绿色工地建设总结报告》第一段，请查阅。

项目产生的背景和意义：
长沙市湘江大桥绿色工地建设是我国绿色建筑发展的一个重要里程碑。该项目旨在贯彻绿色发展理念，推动建筑行业向绿色、环保、节能的方向发展。通过实施绿色施工技术，实现资源的高效利用、环境的可持续发展以及建筑产品的品质提升。

评价的目的和工作原则：
评价的目的是全面了解和总结绿色工地建设的成效，找出存在的问题，为今后的绿色施工提供借鉴和参考。评价工作遵循客观、公正、科学的原则，对项目实施过程中的绿色施工技术、资源利用、环境保护、节能减排等方面进行全面、系统的评估。

请您查阅，如有需要修改，请随时告知。

敬祝工作顺利！尊敬的领导：

我已经根据您的要求，撰写了《长沙市湘江大桥绿色工地建设总结报告》第二段。以下是段落内容：

第二段：项目对环境的影响

长沙市湘江大桥绿色工地建设对环境的影响可以从多个方面来阐述。首先，项目对环境的影响因素主要包括项目的规模、施工过程、项目对周边环境的影响等。其次，环境影响评价的工作过程包括项目前期调查、环境影响评价、环境监测、环境评估等。在这个过程中，需要对项目的环境敏感目标进行识别，如生态敏感区、水源保护区等，并针对这些目标制定相应的保护措施。最后，评价的重点是项目实施过程中的绿色施工技术、资源利用、环境保护、节能减排等方面。

在项目实施过程中，我们采用了一系列绿色施工技术，如绿色材料的应用、废弃物的再利用、节能减排技术等，以降低项目对环境的影响。同时，我们严格遵守国家环保法律法规，确保项目实施过程中的环境保护工作得到有效落实。

在环境敏感目标的保护方面，我们针对项目周边的生态敏感区、水源保护区等制定了相应的保护措施，如限制施工活动、设置警示标志、加强巡查等。此外，我们还对项目实施过程中的环境监测数据进行了实时监控，确保各项环保措施得到有效执行。

通过长沙市湘江大桥绿色工地建设，我们取得了良好的环保效果，实现了资源的高效利用、环境的可持续发展以及建筑产品的品质提升。我们将继续秉承绿色发展理念，推动建筑行业向绿色、环保、节能的方向发展。

请您查阅，如有需要修改，请随时告知。

敬祝工作顺利！尊敬的领导：

我已经根据您的要求，撰写了《长沙市湘江大桥绿色工地建设总结报告》第三段。以下是段落内容：

第三段：总结与环保措施

长沙市湘江大桥绿色工地建设对环境保护的重要性不言而喻。项目实施过程中，我们采用了绿色施工技术，有效降低了项目对环境的影响。同时，我们严格遵守国家环保法律法规，确保项目实施过程中的环境保护工作得到有效落实。

在环境敏感目标的保护方面，我们针对项目周边的生态敏感区、水源保护区等制定了相应的保护措施，如限制施工活动、设置警示标志、加强巡查等。此外，我们还对项目实施过程中的环境监测数据进行了实时监控，确保各项环保措施得到有效执行。

为了更好地实现环境保护，我们提出了以下建议：

1. 加强绿色施工技术研发，推广绿色材料的应用，提高资源利用效率。
2. 加大环保设施投入，实现废弃物的再利用，降低污染物排放。
3. 提高员工环保意识，加强环保教育培训，确保项目实施过程中的环保工作得到有效落实。
4. 建立环保绩效考核制度，对项目实施过程中的环保工作进行全面评估，对环保表现优秀的单位和个人给予表彰和奖励。

通过长沙市湘江大桥绿色工地建设，我们取得了良好的环保效果，实现了资源的高效利用、环境的可持续发展以及建筑产品的品质提升。我们将继续秉承绿色发展理念，推动建筑行业向绿色、环保、节能的方向发展。

请您查阅，如有需要修改，请随时告知。

敬祝工作顺利！